This file contains any messages produced by compilers while
running configure, to aid debugging if configure makes a mistake.

It was created by GNU Autoconf configure 2.63, which was
generated by GNU Autoconf 2.63.  Invocation command line was

  $ ./configure --prefix=/usr

## --------- ##
## Platform. ##
## --------- ##

hostname = localhost.localdomain
uname -m = x86_64
uname -r = 2.6.18-238.9.1.el5
uname -s = Linux
uname -v = #1 SMP Tue Apr 12 18:10:13 EDT 2011

/usr/bin/uname -p = unknown
/bin/uname -X     = unknown

/bin/arch              = x86_64
/usr/bin/arch -k       = unknown
/usr/convex/getsysinfo = unknown
/usr/bin/hostinfo      = unknown
/bin/machine           = unknown
/usr/bin/oslevel       = unknown
/bin/universe          = unknown

PATH: /usr/local/maven/bin
PATH: /usr/local/maven/bin
PATH: /usr/kerberos/bin
PATH: /usr/local/bin
PATH: /usr/bin
PATH: /bin
PATH: /usr/X11R6/bin
PATH: /home/cb/bin


## ----------- ##
## Core tests. ##
## ----------- ##

configure:1824: checking for a BSD-compatible install
configure:1892: result: /usr/bin/install -c
configure:1903: checking whether build environment is sane
configure:1946: result: yes
configure:1971: checking for a thread-safe mkdir -p
configure:2010: result: /bin/mkdir -p
configure:2023: checking for gawk
configure:2039: found /usr/bin/gawk
configure:2050: result: gawk
configure:2061: checking whether make sets $(MAKE)
configure:2083: result: yes
configure:2291: checking whether /bin/sh -n is known to work
configure:2310: result: yes
configure:2322: checking for expr
configure:2340: found /usr/bin/expr
configure:2352: result: /usr/bin/expr
configure:2371: checking for GNU M4 that supports accurate traces
configure:2413: result: /usr/bin/m4
configure:2416: checking how m4 supports trace files
configure:2426: result: --error-output
configure:2450: checking for perl
configure:2468: found /usr/bin/perl
configure:2481: result: /usr/bin/perl
configure:2513: checking for emacs
configure:2529: found /usr/bin/emacs
configure:2540: result: emacs
configure:2558: checking whether emacs is sufficiently recent
configure:2568: $TEST_EMACS -batch -q -f batch-byte-compile conftest.el 1>&2
Loading /usr/share/emacs/site-lisp/site-start.d/igrep-init.el (source)...
Loading /usr/share/emacs/site-lisp/site-start.d/lang-coding-systems-init.el (source)...
Loading /usr/share/emacs/site-lisp/site-start.d/php-mode-init.el (source)...
Loading /usr/share/emacs/site-lisp/site-start.d/po-mode-init.el (source)...
Loading /usr/share/emacs/site-lisp/site-start.d/python-mode-init.el (source)...
Loading /usr/share/emacs/site-lisp/site-start.d/rpm-spec-mode-init.el (source)...
Loading /usr/share/emacs/site-lisp/site-start.d/ruby-mode-init.el (source)...
Loading /usr/share/emacs/site-lisp/site-start.d/tramp-init.el (source)...
While compiling broken-mode in file /home/cb/Projects/autoconf-2.63/conftest.el:
  ** assignment to free variable broken-defaults
Wrote /home/cb/Projects/autoconf-2.63/conftest.elc
Done
configure:2571: $? = 0
configure:2580: result: yes
configure:2599: checking for emacs
configure:2626: result: emacs
configure:2650: checking where .elc files should go
configure:2663: $EMACS -batch -q -eval '(while load-path (princ (concat (car load-path) "\n")) (setq load-path (cdr load-path)))' </dev/null >conftest.out
Loading /usr/share/emacs/site-lisp/site-start.d/igrep-init.el (source)...
Loading /usr/share/emacs/site-lisp/site-start.d/lang-coding-systems-init.el (source)...
Loading /usr/share/emacs/site-lisp/site-start.d/php-mode-init.el (source)...
Loading /usr/share/emacs/site-lisp/site-start.d/po-mode-init.el (source)...
Loading /usr/share/emacs/site-lisp/site-start.d/python-mode-init.el (source)...
Loading /usr/share/emacs/site-lisp/site-start.d/rpm-spec-mode-init.el (source)...
Loading /usr/share/emacs/site-lisp/site-start.d/ruby-mode-init.el (source)...
Loading /usr/share/emacs/site-lisp/site-start.d/tramp-init.el (source)...
configure:2666: $? = 0
configure:2679: result: ${datarootdir}/emacs/site-lisp
configure:2692: checking for grep that handles long lines and -e
configure:2752: result: /bin/grep
configure:2757: checking for egrep
configure:2821: result: /bin/grep -E
configure:2826: checking for a sed that does not truncate output
configure:2892: result: /bin/sed
configure:2902: checking whether make is case sensitive
configure:2918: result: yes
configure:3087: creating ./config.status

## ---------------------- ##
## Running config.status. ##
## ---------------------- ##

This file was extended by GNU Autoconf config.status 2.63, which was
generated by GNU Autoconf 2.63.  Invocation command line was

  CONFIG_FILES    = 
  CONFIG_HEADERS  = 
  CONFIG_LINKS    = 
  CONFIG_COMMANDS = 
  $ ./config.status 

on localhost.localdomain

config.status:704: creating tests/Makefile
config.status:704: creating tests/atlocal
config.status:704: creating man/Makefile
config.status:704: creating lib/emacs/Makefile
config.status:704: creating Makefile
config.status:704: creating doc/Makefile
config.status:704: creating lib/Makefile
config.status:704: creating lib/Autom4te/Makefile
config.status:704: creating lib/autoscan/Makefile
config.status:704: creating lib/m4sugar/Makefile
config.status:704: creating lib/autoconf/Makefile
config.status:704: creating lib/autotest/Makefile
config.status:704: creating bin/Makefile
config.status:950: executing tests/atconfig commands

## ---------------- ##
## Cache variables. ##
## ---------------- ##

ac_cv_env_EMACSLOADPATH_set=
ac_cv_env_EMACSLOADPATH_value=
ac_cv_env_EMACS_set=
ac_cv_env_EMACS_value=
ac_cv_env_M4_set=
ac_cv_env_M4_value=
ac_cv_env_build_alias_set=
ac_cv_env_build_alias_value=
ac_cv_env_host_alias_set=
ac_cv_env_host_alias_value=
ac_cv_env_target_alias_set=
ac_cv_env_target_alias_value=
ac_cv_path_EGREP='/bin/grep -E'
ac_cv_path_EXPR=/usr/bin/expr
ac_cv_path_GREP=/bin/grep
ac_cv_path_M4=/usr/bin/m4
ac_cv_path_PERL=/usr/bin/perl
ac_cv_path_SED=/bin/sed
ac_cv_path_install='/usr/bin/install -c'
ac_cv_path_mkdir=/bin/mkdir
ac_cv_prog_AWK=gawk
ac_cv_prog_EMACS=emacs
ac_cv_prog_TEST_EMACS=emacs
ac_cv_prog_emacs_ok=yes
ac_cv_prog_gnu_m4_debugfile=--error-output
ac_cv_prog_make_make_case=yes
ac_cv_prog_make_make_set=yes
ac_cv_sh_n_works=yes
am_cv_lispdir='${datarootdir}/emacs/site-lisp'

## ----------------- ##
## Output variables. ##
## ----------------- ##

ACLOCAL='${SHELL} /home/cb/Projects/autoconf-2.63/build-aux/missing --run aclocal-1.10'
AMTAR='${SHELL} /home/cb/Projects/autoconf-2.63/build-aux/missing --run tar'
AUTOCONF='${SHELL} /home/cb/Projects/autoconf-2.63/build-aux/missing --run autoconf'
AUTOHEADER='${SHELL} /home/cb/Projects/autoconf-2.63/build-aux/missing --run autoheader'
AUTOMAKE='${SHELL} /home/cb/Projects/autoconf-2.63/build-aux/missing --run automake-1.10'
AWK='gawk'
CYGPATH_W='echo'
DEFS='-DPACKAGE_NAME=\"GNU\ Autoconf\" -DPACKAGE_TARNAME=\"autoconf\" -DPACKAGE_VERSION=\"2.63\" -DPACKAGE_STRING=\"GNU\ Autoconf\ 2.63\" -DPACKAGE_BUGREPORT=\"bug-autoconf@gnu.org\" -DPACKAGE=\"autoconf\" -DVERSION=\"2.63\"'
ECHO_C=''
ECHO_N='-n'
ECHO_T=''
EGREP='/bin/grep -E'
EMACS='emacs'
EMACSLOADPATH=''
EXPR='/usr/bin/expr'
GREP='/bin/grep'
HELP2MAN='${SHELL} /home/cb/Projects/autoconf-2.63/build-aux/missing --run help2man'
INSTALL_DATA='${INSTALL} -m 644'
INSTALL_PROGRAM='${INSTALL}'
INSTALL_SCRIPT='${INSTALL}'
INSTALL_STRIP_PROGRAM='$(install_sh) -c -s'
LIBOBJS=''
LIBS=''
LTLIBOBJS=''
M4='/usr/bin/m4'
M4_DEBUGFILE='--error-output'
MAKEINFO='${SHELL} /home/cb/Projects/autoconf-2.63/build-aux/missing --run makeinfo'
MAKE_CASE_SENSITIVE_FALSE='#'
MAKE_CASE_SENSITIVE_TRUE=''
MKDIR_P='/bin/mkdir -p'
PACKAGE='autoconf'
PACKAGE_BUGREPORT='bug-autoconf@gnu.org'
PACKAGE_NAME='GNU Autoconf'
PACKAGE_STRING='GNU Autoconf 2.63'
PACKAGE_TARNAME='autoconf'
PACKAGE_VERSION='2.63'
PATH_SEPARATOR=':'
PERL='/usr/bin/perl'
SED='/bin/sed'
SET_MAKE=''
SHELL='/bin/sh'
STRIP=''
TEST_EMACS='emacs'
VERSION='2.63'
ac_cv_sh_n_works='yes'
am__isrc=''
am__leading_dot='.'
am__tar='${AMTAR} chof - "$$tardir"'
am__untar='${AMTAR} xf -'
bindir='${exec_prefix}/bin'
build_alias=''
datadir='${datarootdir}'
datarootdir='${prefix}/share'
docdir='${datarootdir}/doc/${PACKAGE_TARNAME}'
dvidir='${docdir}'
exec_prefix='${prefix}'
host_alias=''
htmldir='${docdir}'
includedir='${prefix}/include'
infodir='${datarootdir}/info'
install_sh='$(SHELL) /home/cb/Projects/autoconf-2.63/build-aux/install-sh'
libdir='${exec_prefix}/lib'
libexecdir='${exec_prefix}/libexec'
lispdir='${datarootdir}/emacs/site-lisp'
localedir='${datarootdir}/locale'
localstatedir='${prefix}/var'
mandir='${datarootdir}/man'
mkdir_p='/bin/mkdir -p'
oldincludedir='/usr/include'
pdfdir='${docdir}'
prefix='/usr'
program_transform_name='s,x,x,'
psdir='${docdir}'
sbindir='${exec_prefix}/sbin'
sharedstatedir='${prefix}/com'
sysconfdir='${prefix}/etc'
target_alias=''

## ----------- ##
## confdefs.h. ##
## ----------- ##

#define PACKAGE_NAME "GNU Autoconf"
#define PACKAGE_TARNAME "autoconf"
#define PACKAGE_VERSION "2.63"
#define PACKAGE_STRING "GNU Autoconf 2.63"
#define PACKAGE_BUGREPORT "bug-autoconf@gnu.org"
#define PACKAGE "autoconf"
#define VERSION "2.63"

configure: exit 0
